<?xml version="1.0" encoding="UTF-8"?>
<testng-results ignored="0" total="1" passed="1" failed="0" skipped="0">
  <reporter-output>
  </reporter-output>
  <suite started-at="2026-01-28T19:40:00 IST" name="Cucumber Suite" finished-at="2026-01-28T19:40:05 IST" duration-ms="4467">
    <groups>
      <group name="cucumber">
        <method signature="AbstractTestNGCucumberTests.runScenario(io.cucumber.testng.PickleWrapper,io.cucumber.testng.FeatureWrapper)[pri:0, instance:com.yaswanth.automation.runners.TestRunnerTestNG@71454b9d]" name="runScenario" class="io.cucumber.testng.AbstractTestNGCucumberTests"/>
      </group> <!-- cucumber -->
    </groups>
    <test started-at="2026-01-28T19:40:00 IST" name="Cucumber Tests" finished-at="2026-01-28T19:40:05 IST" duration-ms="4467">
      <class name="com.yaswanth.automation.runners.TestRunnerTestNG">
        <test-method is-config="true" signature="setUpClass(org.testng.ITestContext)[pri:0, instance:com.yaswanth.automation.runners.TestRunnerTestNG@71454b9d]" started-at="2026-01-28T19:40:00 IST" name="setUpClass" finished-at="2026-01-28T19:40:01 IST" duration-ms="226" status="PASS">
          <params>
            <param index="0">
              <value>
                <![CDATA[org.testng.TestRunner@fe09383]]>
              </value>
            </param>
          </params>
          <reporter-output>
          </reporter-output>
        </test-method> <!-- setUpClass -->
        <test-method signature="runScenario(io.cucumber.testng.PickleWrapper,io.cucumber.testng.FeatureWrapper)[pri:0, instance:com.yaswanth.automation.runners.TestRunnerTestNG@71454b9d]" started-at="2026-01-28T19:40:01 IST" name="runScenario" description="Runs Cucumber Scenarios" data-provider="scenarios" finished-at="2026-01-28T19:40:05 IST" duration-ms="4191" status="PASS">
          <params>
            <param index="0">
              <value>
                <![CDATA["Valid login"]]>
              </value>
            </param>
            <param index="1">
              <value>
                <![CDATA["Login functionality"]]>
              </value>
            </param>
          </params>
          <reporter-output>
          </reporter-output>
        </test-method> <!-- runScenario -->
        <test-method is-config="true" signature="tearDownClass()[pri:0, instance:com.yaswanth.automation.runners.TestRunnerTestNG@71454b9d]" started-at="2026-01-28T19:40:05 IST" name="tearDownClass" finished-at="2026-01-28T19:40:05 IST" duration-ms="27" status="PASS">
          <reporter-output>
          </reporter-output>
        </test-method> <!-- tearDownClass -->
      </class> <!-- com.yaswanth.automation.runners.TestRunnerTestNG -->
    </test> <!-- Cucumber Tests -->
  </suite> <!-- Cucumber Suite -->
</testng-results>
