<?xml version="1.0" encoding="UTF-8"?>
<!-- Generated by org.testng.reporters.JUnitReportReporter -->
<testsuite hostname="YASWANTHs.local" failures="0" tests="1" name="com.yaswanth.automation.runners.TestRunnerTestNG" time="14.515" errors="1" timestamp="2026-01-29T18:14:01 IST" skipped="0">
  <testcase classname="com.yaswanth.automation.runners.TestRunnerTestNG" name="runScenario" time="14.515">
    <error message="Expected condition failed: waiting for title to contain &quot;Logged In Successfully | Practice Test Automation&quot;. Current title: &quot;Test Login | Practice Test Automation&quot; (tried for 10 second(s) with 500 milliseconds interval)
Build info: version: &#039;4.16.0&#039;, revision: &#039;15400459dd*&#039;
System info: os.name: &#039;Mac OS X&#039;, os.arch: &#039;aarch64&#039;, os.version: &#039;12.2.1&#039;, java.version: &#039;11.0.16.1&#039;
Driver info: org.openqa.selenium.chrome.ChromeDriver
Capabilities {acceptInsecureCerts: false, browserName: chrome, browserVersion: 144.0.7559.98, chrome: {chromedriverVersion: 144.0.7559.109 (6a8d5e49388..., userDataDir: /var/folders/y0/bl702rjx6s9...}, fedcm:accounts: true, goog:chromeOptions: {debuggerAddress: localhost:57485}, goog:processID: 12317, networkConnectionEnabled: false, pageLoadStrategy: normal, platformName: mac, proxy: Proxy(), se:cdp: ws://localhost:57485/devtoo..., se:cdpVersion: 144.0.7559.98, setWindowRect: true, strictFileInteractability: false, timeouts: {implicit: 0, pageLoad: 300000, script: 30000}, unhandledPromptBehavior: dismiss and notify, webauthn:extension:credBlob: true, webauthn:extension:largeBlob: true, webauthn:extension:minPinLength: true, webauthn:extension:prf: true, webauthn:virtualAuthenticators: true}
Session ID: 7f8b11f94eb33b3c2600318ec618d16e" type="org.openqa.selenium.TimeoutException">
      <![CDATA[org.openqa.selenium.TimeoutException: Expected condition failed: waiting for title to contain "Logged In Successfully | Practice Test Automation". Current title: "Test Login | Practice Test Automation" (tried for 10 second(s) with 500 milliseconds interval)
Build info: version: '4.16.0', revision: '15400459dd*'
System info: os.name: 'Mac OS X', os.arch: 'aarch64', os.version: '12.2.1', java.version: '11.0.16.1'
Driver info: org.openqa.selenium.chrome.ChromeDriver
Capabilities {acceptInsecureCerts: false, browserName: chrome, browserVersion: 144.0.7559.98, chrome: {chromedriverVersion: 144.0.7559.109 (6a8d5e49388..., userDataDir: /var/folders/y0/bl702rjx6s9...}, fedcm:accounts: true, goog:chromeOptions: {debuggerAddress: localhost:57485}, goog:processID: 12317, networkConnectionEnabled: false, pageLoadStrategy: normal, platformName: mac, proxy: Proxy(), se:cdp: ws://localhost:57485/devtoo..., se:cdpVersion: 144.0.7559.98, setWindowRect: true, strictFileInteractability: false, timeouts: {implicit: 0, pageLoad: 300000, script: 30000}, unhandledPromptBehavior: dismiss and notify, webauthn:extension:credBlob: true, webauthn:extension:largeBlob: true, webauthn:extension:minPinLength: true, webauthn:extension:prf: true, webauthn:virtualAuthenticators: true}
Session ID: 7f8b11f94eb33b3c2600318ec618d16e
at org.openqa.selenium.support.ui.WebDriverWait.timeoutException(WebDriverWait.java:84)
at org.openqa.selenium.support.ui.FluentWait.until(FluentWait.java:229)
at com.yaswanth.automation.stepdefinitions.Stepdefinitions_Login.user_should_be_logged_in_successfully(Stepdefinitions_Login.java:61)
at âœ½.user should be logged in successfully(file:///Users/yaswanthj/eclipse-workspace/Automation-Folder/ui-api-automation-framework/src/test/resources/features/Login.feature:7)
]]>
    </error>
  </testcase> <!-- runScenario -->
</testsuite> <!-- com.yaswanth.automation.runners.TestRunnerTestNG -->
